<?xml version="1.0" encoding="UTF-8"?>
<testng-results ignored="0" total="3" passed="3" failed="0" skipped="0">
  <reporter-output>
  </reporter-output>
  <suite started-at="2021-02-18T20:14:15 IST" name="Suite" finished-at="2021-02-18T20:14:56 IST" duration-ms="41581">
    <groups>
    </groups>
    <test started-at="2021-02-18T20:14:15 IST" name="Test" finished-at="2021-02-18T20:14:56 IST" duration-ms="41581">
      <class name="Project.MyFrameWork.LoginPageTest">
        <test-method is-config="true" signature="driverandurlTest()[pri:0, instance:Project.MyFrameWork.LoginPageTest@525d79f0]" started-at="2021-02-18T20:14:24 IST" name="driverandurlTest" finished-at="2021-02-18T20:14:26 IST" duration-ms="2468" status="PASS">
          <reporter-output>
          </reporter-output>
        </test-method> <!-- driverandurlTest -->
        <test-method signature="LoginPageTest(java.lang.String, java.lang.String)[pri:0, instance:Project.MyFrameWork.LoginPageTest@525d79f0]" started-at="2021-02-18T20:14:27 IST" name="LoginPageTest" data-provider="getData" finished-at="2021-02-18T20:14:45 IST" duration-ms="17108" status="PASS">
          <params>
            <param index="0">
              <value>
                <![CDATA[tester1@gmail.com]]>
              </value>
            </param>
            <param index="1">
              <value>
                <![CDATA[pas]]>
              </value>
            </param>
          </params>
          <reporter-output>
          </reporter-output>
        </test-method> <!-- LoginPageTest -->
        <test-method signature="LoginPageTest(java.lang.String, java.lang.String)[pri:0, instance:Project.MyFrameWork.LoginPageTest@525d79f0]" started-at="2021-02-18T20:14:45 IST" name="LoginPageTest" data-provider="getData" finished-at="2021-02-18T20:14:51 IST" duration-ms="6876" status="PASS">
          <params>
            <param index="0">
              <value>
                <![CDATA[tester2@gmail.com]]>
              </value>
            </param>
            <param index="1">
              <value>
                <![CDATA[passs]]>
              </value>
            </param>
          </params>
          <reporter-output>
          </reporter-output>
        </test-method> <!-- LoginPageTest -->
        <test-method is-config="true" signature="closAllTest()[pri:0, instance:Project.MyFrameWork.LoginPageTest@525d79f0]" started-at="2021-02-18T20:14:56 IST" name="closAllTest" finished-at="2021-02-18T20:14:56 IST" duration-ms="178" status="PASS">
          <reporter-output>
          </reporter-output>
        </test-method> <!-- closAllTest -->
      </class> <!-- Project.MyFrameWork.LoginPageTest -->
      <class name="Project.MyFrameWork.HomePageTest">
        <test-method is-config="true" signature="driverandurlTest()[pri:0, instance:Project.MyFrameWork.HomePageTest@48f5bde6]" started-at="2021-02-18T20:14:15 IST" name="driverandurlTest" finished-at="2021-02-18T20:14:24 IST" duration-ms="9257" status="PASS">
          <reporter-output>
          </reporter-output>
        </test-method> <!-- driverandurlTest -->
        <test-method signature="LandingPageTest()[pri:0, instance:Project.MyFrameWork.HomePageTest@48f5bde6]" started-at="2021-02-18T20:14:27 IST" name="LandingPageTest" finished-at="2021-02-18T20:14:27 IST" duration-ms="745" status="PASS">
          <reporter-output>
          </reporter-output>
        </test-method> <!-- LandingPageTest -->
        <test-method is-config="true" signature="closAllTest()[pri:0, instance:Project.MyFrameWork.HomePageTest@48f5bde6]" started-at="2021-02-18T20:14:51 IST" name="closAllTest" finished-at="2021-02-18T20:14:56 IST" duration-ms="4614" status="PASS">
          <reporter-output>
          </reporter-output>
        </test-method> <!-- closAllTest -->
      </class> <!-- Project.MyFrameWork.HomePageTest -->
    </test> <!-- Test -->
  </suite> <!-- Suite -->
</testng-results>
