<?xml version="1.0" encoding="UTF-8"?>
<!-- Generated by org.testng.reporters.JUnitXMLReporter -->
<testsuite ignored="1" hostname="DESKTOP-KEHPFIU" failures="0" tests="1" name="Profling" time="7.633" errors="0" timestamp="2021-02-18T10:55:59 IST">
  <testcase classname="Project.MyFrameWork.HomePage" name="LandingPageTest" time="0.611"/>
  <testcase classname="Project.MyFrameWork.HomePage" name="LoginPageTest" time="0.0">
    <ignored/>
  </testcase> <!-- LoginPageTest -->
</testsuite> <!-- Profling -->
