<?xml version="1.0" encoding="UTF-8"?>
<!-- Generated by org.testng.reporters.JUnitXMLReporter -->
<testsuite ignored="0" hostname="DESKTOP-KEHPFIU" failures="0" tests="4" name="Test" time="0.083" errors="0" timestamp="2021-02-19T10:10:47 IST">
  <testcase classname="Project.MyFrameWork.FramesPageTest" name="@BeforeTest driverandurlTest" time="0.007">
    <failure type="java.lang.NullPointerException" message="Cannot invoke &amp;quot;String.equalsIgnoreCase(String)&amp;quot; because &amp;quot;browsername&amp;quot; is null">
      <![CDATA[java.lang.NullPointerException: Cannot invoke "String.equalsIgnoreCase(String)" because "browsername" is null
at resources.DriverClass.initdriver(DriverClass.java:46)
at Project.MyFrameWork.FramesPageTest.driverandurlTest(FramesPageTest.java:35)
... Removed 24 stack frames]]>
    </failure>
  </testcase> <!-- @BeforeTest driverandurlTest -->
  <testcase classname="Project.MyFrameWork.HomePageTest" name="@BeforeTest driverandurlTest" time="-1.613709647811E9">
    <skipped/>
  </testcase> <!-- @BeforeTest driverandurlTest -->
  <testcase classname="Project.MyFrameWork.LoginPageTest" name="@BeforeTest driverandurlTest" time="-1.613709647815E9">
    <skipped/>
  </testcase> <!-- @BeforeTest driverandurlTest -->
  <testcase classname="Project.MyFrameWork.HomePageTest" name="@AfterTest closAllTest" time="-1.613709647871E9">
    <skipped/>
  </testcase> <!-- @AfterTest closAllTest -->
  <testcase classname="Project.MyFrameWork.LoginPageTest" name="@AfterTest closAllTest" time="-1.613709647872E9">
    <skipped/>
  </testcase> <!-- @AfterTest closAllTest -->
  <testcase classname="Project.MyFrameWork.HomePageTest" name="LandingPageTest" time="0.0">
    <skipped/>
  </testcase> <!-- LandingPageTest -->
  <testcase classname="Project.MyFrameWork.LoginPageTest" name="LoginPageTest" time="0.0">
    <skipped/>
  </testcase> <!-- LoginPageTest -->
  <testcase classname="Project.MyFrameWork.LoginPageTest" name="LoginPageTest" time="0.0">
    <skipped/>
  </testcase> <!-- LoginPageTest -->
  <testcase classname="Project.MyFrameWork.FramesPageTest" name="framestesting" time="0.0">
    <skipped/>
  </testcase> <!-- framestesting -->
</testsuite> <!-- Test -->
