<?xml version="1.0" encoding="UTF-8"?>
<!-- Generated by org.testng.reporters.JUnitXMLReporter -->
<testsuite ignored="0" hostname="DESKTOP-KEHPFIU" failures="0" tests="3" name="Test" time="41.581" errors="0" timestamp="2021-02-18T20:14:56 IST">
  <testcase classname="Project.MyFrameWork.HomePageTest" name="LandingPageTest" time="0.745"/>
  <testcase classname="Project.MyFrameWork.LoginPageTest" name="LoginPageTest" time="17.108"/>
  <testcase classname="Project.MyFrameWork.LoginPageTest" name="LoginPageTest" time="6.876"/>
</testsuite> <!-- Test -->
